<?xml version="1.0" encoding="UTF-8"?>
<!-- Generated by org.testng.reporters.JUnitReportReporter -->
<testsuite ignored="0" hostname="Latitude-PC" failures="0" tests="1" name="autoIT.loginToFacebook" time="35.955" errors="0" timestamp="21 May 2020 23:16:28 GMT" skipped="0">
  <testcase classname="autoIT.loginToFacebook" name="loginFacebook" time="35.955"/>
</testsuite> <!-- autoIT.loginToFacebook -->
