<?xml version="1.0" encoding="UTF-8"?>
<!-- Generated by org.testng.reporters.JUnitReportReporter -->
<testsuite ignored="0" hostname="Latitude-PC" failures="0" tests="1" name="autoIT.LoggerDemo" time="0.020" errors="0" timestamp="22 May 2020 19:59:04 GMT" skipped="0">
  <testcase classname="autoIT.LoggerDemo" name="loggerDemo" time="0.020"/>
</testsuite> <!-- autoIT.LoggerDemo -->
